2025-12-23T05:51:00.601368900: Initializing EmailService...
2025-12-23T05:51:00.602418900: mail.properties loaded successfully.
2025-12-23T05:51:00.602418900: Preparing to send welcome email to: projetest1cs@gmail.com
2025-12-23T05:51:00.602418900: isConfigured check failed. Host value: smtp.example.com
2025-12-23T05:51:00.603924800: Email Service: SMTP not configured (host NOT found). Skipping welcome email to projetest1cs@gmail.com
2025-12-23T05:58:38.627163500: Initializing EmailService...
2025-12-23T05:58:38.628233700: mail.properties loaded successfully.
2025-12-23T05:58:38.629522600: Preparing to send welcome email to: ayakkabiterli@gmail.com
2025-12-23T05:58:38.629522600: isConfigured check failed. Host value: smtp.example.com
2025-12-23T05:58:38.630521400: Email Service: SMTP not configured (host NOT found). Skipping welcome email to ayakkabiterli@gmail.com
2025-12-23T06:06:06.578338900: Initializing EmailService...
2025-12-23T06:06:06.580989600: mail.properties loaded successfully.
2025-12-23T06:06:06.581540100: Preparing to send password reminder to: projetest1cs@gmail.com
2025-12-23T06:06:08.456744100: Email sent successfully to projetest1cs@gmail.com
2025-12-23T18:52:54.495108200: Initializing EmailService...
2025-12-23T18:52:54.497109: mail.properties loaded successfully.
2025-12-23T18:52:54.497109: Preparing to send welcome email to: muhammedserhatmutlu@gmail.com
2025-12-23T18:52:54.533103200: Failed to send email to muhammedserhatmutlu@gmail.com. Error: Illegal address
2025-12-23T19:17:49.766182600: Initializing EmailService...
2025-12-23T19:17:49.768207: mail.properties loaded successfully.
2025-12-23T19:17:49.768207: Preparing to send welcome email to: yagizyanar@hotmail.com
2025-12-23T19:17:49.790941800: Failed to send email to yagizyanar@hotmail.com. Error: Illegal address
2025-12-23T20:39:19.114531600: Initializing EmailService...
2025-12-23T20:39:19.115614: mail.properties loaded successfully.
2025-12-23T20:39:19.115614: Preparing to send welcome email to: yagizyanar@hotmail.com
2025-12-23T20:39:19.139091900: Failed to send email to yagizyanar@hotmail.com. Error: Illegal address
2025-12-23T21:12:58.173777100: Initializing EmailService...
2025-12-23T21:12:58.174835300: mail.properties loaded successfully.
2025-12-23T21:12:58.175843800: Preparing to send welcome email to: yagizyanar@gmail.com
2025-12-23T21:12:58.200410700: Failed to send email to yagizyanar@gmail.com. Error: Illegal address
2025-12-24T04:56:46.397741100: Initializing EmailService...
2025-12-24T04:56:46.398744700: mail.properties loaded successfully.
2025-12-24T04:56:46.399744600: Preparing to send password reminder to: isgndrlielsn41@gmail.com
2025-12-24T04:56:48.240735100: Email sent successfully to isgndrlielsn41@gmail.com
2025-12-24T12:50:35.584718900: Initializing EmailService...
2025-12-24T12:50:35.589735900: mail.properties loaded successfully.
2025-12-24T12:50:35.594735300: Preparing to send welcome email to: omarmahmudlu@gmail.com
2025-12-24T12:50:35.644799300: Failed to send email to omarmahmudlu@gmail.com. Error: Illegal address
2025-12-24T12:53:04.242831400: Initializing EmailService...
2025-12-24T12:53:04.245143600: mail.properties loaded successfully.
2025-12-24T12:53:04.247143900: Preparing to send password reminder to: omarmahmudlu@gmail.com
2025-12-24T12:53:04.276455: Failed to send email to omarmahmudlu@gmail.com. Error: Illegal address
2025-12-24T12:53:37.629604200: Preparing to send password reminder to: isgndrlielsn41@gmail.com
2025-12-24T12:53:37.635482600: Failed to send email to isgndrlielsn41@gmail.com. Error: Illegal address
2025-12-24T12:56:13.780079700: Initializing EmailService...
2025-12-24T12:56:13.784141700: mail.properties loaded successfully.
2025-12-24T12:56:13.786544600: Preparing to send welcome email to: elshan@ug.bilkent.edu.tr
2025-12-24T12:56:13.831756800: Failed to send email to elshan@ug.bilkent.edu.tr. Error: Illegal address
2025-12-24T12:57:10.991504800: Preparing to send password reminder to: elshan@ug.bilkent.edu.tr
2025-12-24T12:57:11.000209900: Failed to send email to elshan@ug.bilkent.edu.tr. Error: Illegal address
2025-12-24T13:01:40.379861200: Initializing EmailService...
2025-12-24T13:01:40.382131300: mail.properties loaded successfully.
2025-12-24T13:01:40.383474700: Preparing to send password reminder to: isgndrlielsn41@gmail.com
2025-12-24T13:01:42.243717900: Email sent successfully to isgndrlielsn41@gmail.com
2025-12-24T14:42:18.123174900: Initializing EmailService...
2025-12-24T14:42:18.125186600: mail.properties loaded successfully.
2025-12-24T14:42:18.126247800: Preparing to send password reminder to: isgndrlielsn41@gmail.com
2025-12-24T14:42:18.149795500: Failed to send email to isgndrlielsn41@gmail.com. Error: Illegal address
2025-12-24T14:43:02.611103300: Preparing to send password reminder to: isgndrlielsn41@gmail.com
2025-12-24T14:43:02.613979900: Failed to send email to isgndrlielsn41@gmail.com. Error: Illegal address
2025-12-24T15:03:02.250591900: Initializing EmailService...
2025-12-24T15:03:02.251769700: mail.properties loaded successfully.
2025-12-24T15:03:02.252777600: Preparing to send password reminder to: isgndrlielsn41@gmail.com
2025-12-24T15:03:05.540796900: Email sent successfully to isgndrlielsn41@gmail.com
